<?xml version="1.0" encoding="UTF-8"?>
<robot generator="Robot 5.0.1 (Python 3.8.7 on win32)" generated="20220713 14:47:23.423" rpa="false" schemaversion="3">
<suite id="s1" name="Episode 1" source="D:\RobotFramework\poolsawat.com\testcases\episode_1.robot">
<test id="s1-t1" name="CASE_00001 lesson 1 Log to console" line="10">
<kw name="Log To Console" library="BuiltIn">
<arg>'Hello World 1'</arg>
<doc>Logs the given message to the console.</doc>
<msg timestamp="20220713 14:47:23.464" level="TRACE">Arguments: [ "'Hello World 1'" ]</msg>
<msg timestamp="20220713 14:47:23.465" level="TRACE">Return: None</msg>
<status status="PASS" starttime="20220713 14:47:23.464" endtime="20220713 14:47:23.465"/>
</kw>
<status status="PASS" starttime="20220713 14:47:23.463" endtime="20220713 14:47:23.465"/>
</test>
<test id="s1-t2" name="CASE_00002 lesson 2 use external keywords with void" line="13">
<kw name="Print Message from agruments" library="api_keywords">
<arg>'Hello world 2'</arg>
<doc>Print Message from agruments</doc>
<msg timestamp="20220713 14:47:23.467" level="TRACE">Arguments: [ ${arg0}="'Hello world 2'" ]</msg>
<kw name="Log To Console" library="BuiltIn">
<arg>'Result from Print Message from agruments keywords ::=='${arg0}</arg>
<doc>Logs the given message to the console.</doc>
<msg timestamp="20220713 14:47:23.468" level="TRACE">Arguments: [ "'Result from Print Message from agruments keywords ::==''Hello world 2'" ]</msg>
<msg timestamp="20220713 14:47:23.468" level="TRACE">Return: None</msg>
<status status="PASS" starttime="20220713 14:47:23.467" endtime="20220713 14:47:23.468"/>
</kw>
<msg timestamp="20220713 14:47:23.468" level="TRACE">Return: None</msg>
<status status="PASS" starttime="20220713 14:47:23.467" endtime="20220713 14:47:23.468"/>
</kw>
<status status="PASS" starttime="20220713 14:47:23.467" endtime="20220713 14:47:23.469"/>
</test>
<test id="s1-t3" name="CASE_00003 lesson 3 use external keywords with return" line="16">
<kw name="Calculate value" library="api_keywords">
<var>${result}</var>
<arg>5</arg>
<arg>10</arg>
<doc>Calculate value</doc>
<msg timestamp="20220713 14:47:23.471" level="TRACE">Arguments: [ ${a}='5' | ${b}='10' ]</msg>
<kw name="Evaluate" library="BuiltIn">
<var>${result}</var>
<arg>${a}+${b}</arg>
<doc>Evaluates the given expression in Python and returns the result.</doc>
<msg timestamp="20220713 14:47:23.471" level="TRACE">Arguments: [ '5+10' ]</msg>
<msg timestamp="20220713 14:47:23.471" level="TRACE">Return: 15</msg>
<msg timestamp="20220713 14:47:23.471" level="INFO">${result} = 15</msg>
<status status="PASS" starttime="20220713 14:47:23.471" endtime="20220713 14:47:23.471"/>
</kw>
<msg timestamp="20220713 14:47:23.471" level="TRACE">Return: 15</msg>
<msg timestamp="20220713 14:47:23.471" level="INFO">${result} = 15</msg>
<status status="PASS" starttime="20220713 14:47:23.470" endtime="20220713 14:47:23.471"/>
</kw>
<kw name="Log To Console" library="BuiltIn">
<arg>'Result from Calculate value keywords::=='${result}</arg>
<doc>Logs the given message to the console.</doc>
<msg timestamp="20220713 14:47:23.472" level="TRACE">Arguments: [ "'Result from Calculate value keywords::=='15" ]</msg>
<msg timestamp="20220713 14:47:23.472" level="TRACE">Return: None</msg>
<status status="PASS" starttime="20220713 14:47:23.472" endtime="20220713 14:47:23.472"/>
</kw>
<status status="PASS" starttime="20220713 14:47:23.470" endtime="20220713 14:47:23.472"/>
</test>
<test id="s1-t4" name="CASE_00004 lesson 4 get data from yaml file" line="20">
<kw name="Log To Console" library="BuiltIn">
<arg>'request ::='${test_data.CASE_00004.request}</arg>
<doc>Logs the given message to the console.</doc>
<msg timestamp="20220713 14:47:23.475" level="TRACE">Arguments: [ "'request ::='{'name': 'poolsawat Dev Env', 'age': 30, 'nation': 'Thai'}" ]</msg>
<msg timestamp="20220713 14:47:23.475" level="TRACE">Return: None</msg>
<status status="PASS" starttime="20220713 14:47:23.474" endtime="20220713 14:47:23.475"/>
</kw>
<kw name="Log To Console" library="BuiltIn">
<arg>'expect_data ::=='${test_data.CASE_00004.expect_data}</arg>
<doc>Logs the given message to the console.</doc>
<msg timestamp="20220713 14:47:23.476" level="TRACE">Arguments: [ "'expect_data ::=='{'status': {'code': 'API200', 'message': 'Success'}}" ]</msg>
<msg timestamp="20220713 14:47:23.476" level="TRACE">Return: None</msg>
<status status="PASS" starttime="20220713 14:47:23.475" endtime="20220713 14:47:23.476"/>
</kw>
<status status="PASS" starttime="20220713 14:47:23.474" endtime="20220713 14:47:23.477"/>
</test>
<test id="s1-t5" name="CASE_00005 lesson 5 get env global file" line="24">
<kw name="Log To Console" library="BuiltIn">
<arg>'app_name ::=='${app_name}</arg>
<doc>Logs the given message to the console.</doc>
<msg timestamp="20220713 14:47:23.478" level="TRACE">Arguments: [ "'app_name ::=='poolsawat.com" ]</msg>
<msg timestamp="20220713 14:47:23.479" level="TRACE">Return: None</msg>
<status status="PASS" starttime="20220713 14:47:23.478" endtime="20220713 14:47:23.479"/>
</kw>
<status status="PASS" starttime="20220713 14:47:23.478" endtime="20220713 14:47:23.479"/>
</test>
<test id="s1-t6" name="CASE_00006 lesson 6 use custom lib keywords" line="27">
<kw name="Get Nowdate" library="date_util">
<var>${now}</var>
<msg timestamp="20220713 14:47:23.480" level="TRACE">Arguments: [  ]</msg>
<msg timestamp="20220713 14:47:23.481" level="TRACE">Return: datetime.datetime(2022, 7, 13, 14, 47, 23, 480131)</msg>
<msg timestamp="20220713 14:47:23.481" level="INFO">${now} = 2022-07-13 14:47:23.480131</msg>
<status status="PASS" starttime="20220713 14:47:23.480" endtime="20220713 14:47:23.481"/>
</kw>
<kw name="Log To Console" library="BuiltIn">
<arg>'now ::=='${now}</arg>
<doc>Logs the given message to the console.</doc>
<msg timestamp="20220713 14:47:23.481" level="TRACE">Arguments: [ "'now ::=='2022-07-13 14:47:23.480131" ]</msg>
<msg timestamp="20220713 14:47:23.481" level="TRACE">Return: None</msg>
<status status="PASS" starttime="20220713 14:47:23.481" endtime="20220713 14:47:23.481"/>
</kw>
<status status="PASS" starttime="20220713 14:47:23.480" endtime="20220713 14:47:23.482"/>
</test>
<test id="s1-t7" name="CASE_00007 lesson 7 use variable with resource environnment" line="31">
<kw name="Log To Console" library="BuiltIn">
<arg>'welcome_message from ${ENV}::=='${welcome_message}</arg>
<doc>Logs the given message to the console.</doc>
<msg timestamp="20220713 14:47:23.484" level="TRACE">Arguments: [ "'welcome_message from dev::=='welcome from Dev environment" ]</msg>
<msg timestamp="20220713 14:47:23.484" level="TRACE">Return: None</msg>
<status status="PASS" starttime="20220713 14:47:23.483" endtime="20220713 14:47:23.484"/>
</kw>
<status status="PASS" starttime="20220713 14:47:23.483" endtime="20220713 14:47:23.485"/>
</test>
<status status="PASS" starttime="20220713 14:47:23.425" endtime="20220713 14:47:23.486"/>
</suite>
<statistics>
<total>
<stat pass="7" fail="0" skip="0">All Tests</stat>
</total>
<tag>
</tag>
<suite>
<stat pass="7" fail="0" skip="0" id="s1" name="Episode 1">Episode 1</stat>
</suite>
</statistics>
<errors>
</errors>
</robot>
